Virtuoso Framework License (111) was checked out successfully. Total checkout time was 0.08s.

*WARNING* COMBINE attribute library not defined
 library: 'cdsDefTechLib' file: '/CAD/apps/etc/cds-AMPERE-REV1.lib', line: 15

*WARNING* COMBINE attribute library not defined
 library: 'avTech' file: '/CAD/apps/etc/cds-AMPERE-REV1.lib', line: 21

*WARNING* COMBINE attribute library not defined
 library: 'avTech' file: '/CAD/apps/etc/cds-AMPERE-REV1.lib', line: 21

Initializing from libInit.il for library tsmcN28...
   --  tsmcPdkParamTable.il
   --  tsmcLDEparamTable.il
   --  cniUtils_encrypted.il
   --  load_apc_tsmc_n28.il
   --  apc_util.cdn
   --  tsmcN28.pce
   --  tsmcN28_CB_2.cxt
   --  tsmcN28_gateCB.cxt
   --  tsmcN28_tif.cxt
   --  tsmcN28_CB_4.cxt
   --  tsmc_LDE.cxt
   --  tsmcN28.cxt
   --  metalRES.cxt
   --  tsmcDNA_utility.cxt
   --  tsmcN28_updateCDFs.cxt
   --  tsmcN28_CB_3.cxt
   --  tsmcN28_CB_1.cxt
   --  tsmcSim_cdf_api.cxt
   --  tsmcN28Tool.cxt
Loading Working place Display File '/home/NIS/projects/AMPERE/REV1/work/akumar/display.drf'

INFO (TECH-150003): The technology database "basic" has been automatically
updated from revision 226610(DM 0) to revision 227612(DM 3) in virtual memory.
Running Artist Hierarchical Netlisting ...

ERROR (OSSHNL-109): The cellview 'ROD/test_nmos_nf_m/schematic' has been modified since the last extraction. Validate
that the schematic is correct and run Check and Save to correct this error.

End netlisting Jul 27 21:26:41 2021
ERROR (OSSHNL-514): Netlist generation failed because of the errors reported above. The netlist might not have been generated at all, or the generated netlist could be corrupt. Fix the reported errors and regenerate the netlist.
*WARNING* (ilRemoveProtect): could not find pointer; FILE hnl/hnl.cpp LINE 5414

*WARNING* (ilRemoveProtect): could not find pointer; FILE hnl/hnl.cpp LINE 5415

*WARNING* (ilRemoveProtect): could not find pointer; FILE hnl/hnl.cpp LINE 5416

