Virtuoso Framework License (111) was checked out successfully. Total checkout time was 0.07s.

*WARNING* COMBINE attribute library not defined
 library: 'cdsDefTechLib' file: '/CAD/apps/etc/cds-AMPERE-REV1.lib', line: 15

*WARNING* COMBINE attribute library not defined
 library: 'avTech' file: '/CAD/apps/etc/cds-AMPERE-REV1.lib', line: 21

*WARNING* COMBINE attribute library not defined
 library: 'avTech' file: '/CAD/apps/etc/cds-AMPERE-REV1.lib', line: 21

Initializing from libInit.il for library tsmcN28...
   --  tsmcPdkParamTable.il
   --  tsmcLDEparamTable.il
   --  cniUtils_encrypted.il
   --  load_apc_tsmc_n28.il
   --  apc_util.cdn
   --  tsmcN28.pce
   --  tsmcN28_CB_2.cxt
   --  tsmcN28_gateCB.cxt
   --  tsmcN28_tif.cxt
   --  tsmcN28_CB_4.cxt
   --  tsmc_LDE.cxt
   --  tsmcN28.cxt
   --  metalRES.cxt
   --  tsmcDNA_utility.cxt
   --  tsmcN28_updateCDFs.cxt
   --  tsmcN28_CB_3.cxt
   --  tsmcN28_CB_1.cxt
   --  tsmcSim_cdf_api.cxt
   --  tsmcN28Tool.cxt
Loading Working place Display File '/home/NIS/projects/AMPERE/REV1/work/akumar/display.drf'

INFO (TECH-150003): The technology database "basic" has been automatically
updated from revision 226610(DM 0) to revision 227612(DM 3) in virtual memory.
Running Artist Hierarchical Netlisting ...

End netlisting Jul 21 10:43:00 2021

